
[2023-06-18T21:58:25.900Z] Initializing/updating cluster-wide services for local environment 

[2023-06-18T21:58:25.901Z] Getting status...

[2023-06-18T21:58:25.929Z] Fetching kubectl...

[2023-06-18T21:58:31.831Z] Fetched kubectl

[2023-06-18T21:58:32.531Z] 

Failed resolving one or more providers:
- local-kubernetes

[2023-06-18T21:58:32.533Z] 
See .garden/error.log for detailed error message

[2023-06-18T22:01:41.702Z] Initializing/updating cluster-wide services for local environment 

[2023-06-18T22:01:41.703Z] Getting status...

[2023-06-18T22:01:41.916Z] Done (took 0.2 sec)

[2023-06-18T22:01:41.940Z] All services already initialized!

[2023-06-18T22:01:41.940Z] 
Done!

[2023-06-18T22:02:20.365Z] Getting status...

[2023-06-18T22:02:20.961Z] Cached (took 0.6 sec)

[2023-06-18T22:02:20.961Z] Run with --force-refresh to force a refresh of provider statuses.

[2023-06-18T22:02:20.961Z] Resolving actions and modules...

[2023-06-18T22:02:21.109Z] Done (took 0.1 sec)

[2023-06-18T22:02:21.332Z] missing

[2023-06-18T22:02:21.341Z] missing

[2023-06-18T22:02:21.348Z] Fetching docker...

[2023-06-18T22:02:27.255Z] Fetched docker (took 5.9 sec)

[2023-06-18T22:02:27.364Z] Building node-service:v-de1284a8b2...

[2023-06-18T22:02:27.382Z] Building go-service:v-dcdeb23af2...

[2023-06-18T22:02:42.153Z] Done (took 20.8 sec)

[2023-06-18T22:02:50.412Z] Done (took 29.1 sec)

[2023-06-18T22:02:50.420Z] Deploying version v-ee2c8df57c...

[2023-06-18T22:02:51.620Z] Waiting for resources to be ready...

[2023-06-18T22:02:53.763Z] Failed (took 3.3 sec)

[2023-06-18T22:02:54.519Z] 

2 deploy action(s) failed!

[2023-06-18T22:02:54.531Z] 
See .garden/error.log for detailed error message

[2023-06-18T22:05:56.760Z] Initializing/updating cluster-wide services for remote environment 

[2023-06-18T22:05:56.762Z] Getting status...

[2023-06-18T22:05:57.943Z] Done (took 1.2 sec)

[2023-06-18T22:05:58.387Z] All services already initialized!

[2023-06-18T22:05:58.387Z] 
Done!

[2023-06-18T22:06:37.294Z] Getting status...

[2023-06-18T22:06:37.865Z] Cached (took 0.6 sec)

[2023-06-18T22:06:37.866Z] Run with --force-refresh to force a refresh of provider statuses.

[2023-06-18T22:06:37.866Z] Resolving actions and modules...

[2023-06-18T22:06:38.004Z] Done (took 0.1 sec)

[2023-06-18T22:06:40.307Z] missing

[2023-06-18T22:06:40.332Z] missing

[2023-06-18T22:06:47.513Z] Fetching mutagen...

[2023-06-18T22:06:56.539Z] Fetched mutagen (took 9 sec)

[2023-06-18T22:06:59.477Z] [sync]: Sync disconnected

[2023-06-18T22:06:59.477Z] Connected to sync target Build sync Pod

[2023-06-18T22:06:59.477Z] [sync]: Scanning files to sync

[2023-06-18T22:06:59.534Z] Connected to sync target Build sync Pod

[2023-06-18T22:06:59.534Z] [sync]: Sync disconnected

[2023-06-18T22:06:59.534Z] [sync]: Scanning files to sync

[2023-06-18T22:06:59.587Z] [sync]: Staging files to sync in target

[2023-06-18T22:06:59.605Z] [sync]: Staging files to sync in target

[2023-06-18T22:06:59.638Z] [sync]: Syncing changes...

[2023-06-18T22:06:59.689Z] [sync]: Completed initial sync from Module go-service build path to Build sync Pod

[2023-06-18T22:06:59.689Z] [sync]: Watching for changes

[2023-06-18T22:06:59.690Z] [sync]: Syncing changes...

[2023-06-18T22:06:59.752Z] [sync]: Saving sync archive

[2023-06-18T22:06:59.753Z] [sync]: Completed initial sync from Module node-service build path to Build sync Pod

[2023-06-18T22:06:59.753Z] [sync]: Watching for changes

[2023-06-18T22:06:59.803Z] [sync]: Scanning files to sync

[2023-06-18T22:06:59.821Z] [sync]: Scanning files to sync

[2023-06-18T22:06:59.859Z] [sync]: Synchronized from Module go-service build path to Build sync Pod at 10:06:59 PM

[2023-06-18T22:06:59.891Z] [sync]: Synchronized from Module node-service build path to Build sync Pod at 10:06:59 PM

[2023-06-18T22:06:59.923Z] [sync]: Scanning files to sync

[2023-06-18T22:06:59.982Z] [sync]: Scanning files to sync

[2023-06-18T22:06:59.989Z] [sync]: Synchronized from Module go-service build path to Build sync Pod at 10:06:59 PM

[2023-06-18T22:07:00.053Z] [sync]: Synchronized from Module node-service build path to Build sync Pod at 10:07:00 PM

[2023-06-18T22:07:00.177Z] File sync to cluster complete

[2023-06-18T22:07:00.178Z] Building image go-service:v-dcdeb23af2...

[2023-06-18T22:07:00.239Z] File sync to cluster complete

[2023-06-18T22:07:00.240Z] Building image node-service:v-de1284a8b2...

[2023-06-18T22:07:09.595Z] Build failed (took 29.3 sec)

[2023-06-18T22:07:10.359Z] 

2 deploy action(s) failed!

[2023-06-18T22:07:10.372Z] 
See .garden/error.log for detailed error message

[2023-06-18T22:11:44.352Z] Getting status...

[2023-06-18T22:11:45.552Z] 

Failed resolving one or more providers:
- kubernetes

[2023-06-18T22:11:45.558Z] 
See .garden/error.log for detailed error message

[2023-06-18T22:12:20.220Z] Getting status...

[2023-06-18T22:12:21.812Z] Cached (took 1.6 sec)

[2023-06-18T22:12:21.813Z] Run with --force-refresh to force a refresh of provider statuses.

[2023-06-18T22:12:21.814Z] Resolving actions and modules...

[2023-06-18T22:12:21.960Z] Done (took 0.1 sec)

[2023-06-18T22:12:23.984Z] missing

[2023-06-18T22:12:24.009Z] missing

[2023-06-18T22:12:25.331Z] -> Deploying garden-buildkit daemon in remote-development-remote-damaso namespace (was missing)

[2023-06-18T22:12:25.786Z] Waiting for resources to be ready...

[2023-06-18T22:12:28.904Z] Deployment/garden-buildkit: Pulling image "gardendev/buildkit:v0.10.5-2@sha256:c2199fcdabc2ad10a266aab5acfb7861d934e4a787071c4d717cfcb1b5ab39ed"

[2023-06-18T22:12:32.505Z] Deployment/garden-buildkit: Started container util

[2023-06-18T22:12:35.727Z] Resources ready

[2023-06-18T22:12:35.728Z] Done!

[2023-06-18T22:12:41.937Z] [sync]: Sync disconnected

[2023-06-18T22:12:41.937Z] Connected to sync target Build sync Pod

[2023-06-18T22:12:41.938Z] [sync]: Scanning files to sync

[2023-06-18T22:12:42.012Z] [sync]: Staging files to sync in target

[2023-06-18T22:12:42.088Z] [sync]: Syncing changes...

[2023-06-18T22:12:42.162Z] [sync]: Saving sync archive

[2023-06-18T22:12:42.163Z] [sync]: Completed initial sync from Module node-service build path to Build sync Pod

[2023-06-18T22:12:42.163Z] [sync]: Watching for changes

[2023-06-18T22:12:42.232Z] [sync]: Scanning files to sync

[2023-06-18T22:12:42.309Z] [sync]: Synchronized from Module node-service build path to Build sync Pod at 10:12:42 PM

[2023-06-18T22:12:42.397Z] [sync]: Scanning files to sync

[2023-06-18T22:12:42.463Z] [sync]: Synchronized from Module node-service build path to Build sync Pod at 10:12:42 PM

[2023-06-18T22:12:42.642Z] File sync to cluster complete

[2023-06-18T22:12:42.642Z] Buildkit Building image node-service:v-de1284a8b2...

[2023-06-18T22:12:43.108Z] [sync]: Sync disconnected

[2023-06-18T22:12:43.109Z] Connected to sync target Build sync Pod

[2023-06-18T22:12:43.109Z] [sync]: Scanning files to sync

[2023-06-18T22:12:43.177Z] [sync]: Staging files to sync in target

[2023-06-18T22:12:43.245Z] [sync]: Syncing changes...

[2023-06-18T22:12:43.314Z] [sync]: Saving sync archive

[2023-06-18T22:12:43.315Z] [sync]: Completed initial sync from Module go-service build path to Build sync Pod

[2023-06-18T22:12:43.315Z] [sync]: Watching for changes

[2023-06-18T22:12:43.383Z] [sync]: Scanning files to sync

[2023-06-18T22:12:43.454Z] [sync]: Synchronized from Module go-service build path to Build sync Pod at 10:12:43 PM

[2023-06-18T22:12:43.542Z] [sync]: Scanning files to sync

[2023-06-18T22:12:43.611Z] [sync]: Synchronized from Module go-service build path to Build sync Pod at 10:12:43 PM

[2023-06-18T22:12:43.803Z] File sync to cluster complete

[2023-06-18T22:12:43.804Z] Buildkit Building image go-service:v-dcdeb23af2...

[2023-06-18T22:13:04.090Z] Done (took 40.1 sec)

[2023-06-18T22:13:04.865Z] Done (took 40.9 sec)

[2023-06-18T22:13:04.873Z] Deploying version v-ee2c8df57c...

[2023-06-18T22:13:09.741Z] Waiting for resources to be ready...

[2023-06-18T22:13:13.536Z] Deployment/go-service: Pulling image "registry.digitalocean.com/garden-guide/go-service:v-dcdeb23af2"

[2023-06-18T22:13:20.348Z] Resources ready

[2023-06-18T22:13:22.016Z] Done (took 17.1 sec)

[2023-06-18T22:13:22.019Z] Ingress: http://remote-development-remote-damaso.narsil.dev

[2023-06-18T22:13:22.029Z] Deploying version v-87a33878de...

[2023-06-18T22:13:26.715Z] Waiting for resources to be ready...

[2023-06-18T22:13:29.846Z] Deployment/node-service: Pulling image "registry.digitalocean.com/garden-guide/node-service:v-de1284a8b2"

[2023-06-18T22:13:32.565Z] Resources ready

[2023-06-18T22:13:34.281Z] Done (took 12.3 sec)

[2023-06-18T22:13:34.282Z] Ingress: http://remote-development-remote-damaso.narsil.dev/hello

[2023-06-18T22:13:34.283Z] Ingress: http://remote-development-remote-damaso.narsil.dev/call-go-service

[2023-06-18T22:13:34.396Z] Done! 

[2023-06-18T23:11:39.893Z] Getting status...

[2023-06-18T23:11:40.468Z] Cached (took 0.6 sec)

[2023-06-18T23:11:40.468Z] Run with --force-refresh to force a refresh of provider statuses.

[2023-06-18T23:11:40.468Z] Resolving actions and modules...

[2023-06-18T23:11:40.601Z] Done (took 0.1 sec)

[2023-06-18T23:11:40.666Z] Cleaning up...

[2023-06-18T23:11:40.681Z] Cleaning up...

[2023-06-18T23:11:45.922Z] Done (took 5.3 sec)

[2023-06-18T23:11:45.922Z] Done!

[2023-06-18T23:11:46.205Z] Done (took 5.5 sec)

[2023-06-18T23:11:46.206Z] Done!

[2023-06-18T23:11:46.212Z] 
Done!

[2023-06-18T23:13:30.956Z] Getting status...

[2023-06-18T23:13:32.559Z] Cached (took 1.6 sec)

[2023-06-18T23:13:32.559Z] Run with --force-refresh to force a refresh of provider statuses.

[2023-06-18T23:13:32.560Z] Resolving actions and modules...

[2023-06-18T23:13:32.703Z] Done (took 0.1 sec)

[2023-06-18T23:13:34.716Z] missing

[2023-06-18T23:13:34.741Z] missing

[2023-06-18T23:13:38.029Z] Already built

[2023-06-18T23:13:38.047Z] Deploying version v-ee2c8df57c...

[2023-06-18T23:13:39.655Z] Already built

[2023-06-18T23:13:42.393Z] Waiting for resources to be ready...

[2023-06-18T23:13:44.643Z] Resources ready

[2023-06-18T23:13:46.227Z] Done (took 8.2 sec)

[2023-06-18T23:13:46.230Z] Ingress: http://remote-development-remote-damaso.narsil.dev

[2023-06-18T23:13:46.240Z] Deploying version v-87a33878de...

[2023-06-18T23:13:51.666Z] Waiting for resources to be ready...

[2023-06-18T23:13:53.925Z] Resources ready

[2023-06-18T23:13:55.563Z] Done (took 9.3 sec)

[2023-06-18T23:13:55.564Z] Ingress: http://remote-development-remote-damaso.narsil.dev/hello

[2023-06-18T23:13:55.565Z] Ingress: http://remote-development-remote-damaso.narsil.dev/call-go-service

[2023-06-18T23:13:55.677Z] Done! 

[2023-06-18T23:14:44.091Z] The -w/--watch flag has been removed. Please use other options instead, such as the --sync option for Deploy actions. If you need this feature and would like it re-introduced, please don't hesitate to reach out: https://garden.io/community
→ Run garden util hide-warning watch-flag-removed to disable this warning.

[2023-06-18T23:14:44.093Z] Getting status...

[2023-06-18T23:14:44.648Z] Cached (took 0.6 sec)

[2023-06-18T23:14:44.648Z] Run with --force-refresh to force a refresh of provider statuses.

[2023-06-18T23:14:44.649Z] Resolving actions and modules...

[2023-06-18T23:14:44.789Z] Done (took 0.1 sec)

[2023-06-18T23:14:47.496Z] Already deployed

[2023-06-18T23:14:47.499Z] Ingress: http://remote-development-remote-damaso.narsil.dev

[2023-06-18T23:14:47.515Z] Already deployed

[2023-06-18T23:14:47.516Z] Ingress: http://remote-development-remote-damaso.narsil.dev/hello

[2023-06-18T23:14:47.516Z] Ingress: http://remote-development-remote-damaso.narsil.dev/call-go-service

[2023-06-18T23:14:47.621Z] Done! 
